# JRE version: Java(TM) SE Runtime Environment (8.0_191-b12) (build 1.8.0_191-b12)
# Java VM: Java HotSpot(TM) Client VM (25.191-b12 mixed mode windows-x86 )
Heap:
 def new generation   total 85824K, used 65023K [0x05000000, 0x0ad10000, 0x0faa0000)
  eden space 76352K,  75% used [0x05000000, 0x08856ef8, 0x09a90000)
  from space 9472K,  77% used [0x09a90000, 0x0a1b9028, 0x0a3d0000)
  to   space 9472K,   0% used [0x0a3d0000, 0x0a3d0000, 0x0ad10000)
 tenured generation   total 190432K, used 167629K [0x0faa0000, 0x1b498000, 0x25000000)
   the space 190432K,  88% used [0x0faa0000, 0x19e53508, 0x19e53600, 0x1b498000)
 Metaspace       used 25494K, capacity 26058K, committed 26112K, reserved 27008K
GC Heap History (10 events):
Event: 68.402 GC heap before
{Heap before GC invocations=9 (full 2):
 def new generation   total 55744K, used 49232K [0x05000000, 0x08c70000, 0x0faa0000)
  eden space 49600K,  99% used [0x05000000, 0x080141c8, 0x08070000)
  from space 6144K,   0% used [0x08070000, 0x08070000, 0x08670000)
  to   space 6144K,   0% used [0x08670000, 0x08670000, 0x08c70000)
 tenured generation   total 123628K, used 74175K [0x0faa0000, 0x1735b000, 0x25000000)
   the space 123628K,  59% used [0x0faa0000, 0x1430fef8, 0x14310000, 0x1735b000)
 Metaspace       used 24134K, capacity 24662K, committed 24704K, reserved 24960K
Event: 68.422 GC heap after
Heap after GC invocations=10 (full 2):
 def new generation   total 55744K, used 6144K [0x05000000, 0x08c70000, 0x0faa0000)
  eden space 49600K,   0% used [0x05000000, 0x05000000, 0x08070000)
  from space 6144K, 100% used [0x08670000, 0x08c70000, 0x08c70000)
  to   space 6144K,   0% used [0x08070000, 0x08070000, 0x08670000)
 tenured generation   total 123628K, used 79333K [0x0faa0000, 0x1735b000, 0x25000000)
   the space 123628K,  64% used [0x0faa0000, 0x148196c0, 0x14819800, 0x1735b000)
 Metaspace       used 24134K, capacity 24662K, committed 24704K, reserved 24960K
}
Event: 68.452 GC heap before
{Heap before GC invocations=10 (full 2):
 def new generation   total 55744K, used 37861K [0x05000000, 0x08c70000, 0x0faa0000)
  eden space 49600K,  63% used [0x05000000, 0x06ef9450, 0x08070000)
  from space 6144K, 100% used [0x08670000, 0x08c70000, 0x08c70000)
  to   space 6144K,   0% used [0x08070000, 0x08070000, 0x08670000)
 tenured generation   total 123628K, used 79333K [0x0faa0000, 0x1735b000, 0x25000000)
   the space 123628K,  64% used [0x0faa0000, 0x148196c0, 0x14819800, 0x1735b000)
 Metaspace       used 24134K, capacity 24662K, committed 24704K, reserved 24960K
Event: 68.474 GC heap after
Heap after GC invocations=11 (full 2):
 def new generation   total 55744K, used 0K [0x05000000, 0x08c70000, 0x0faa0000)
  eden space 49600K,   0% used [0x05000000, 0x05000000, 0x08070000)
  from space 6144K,   0% used [0x08070000, 0x08070000, 0x08670000)
  to   space 6144K,   0% used [0x08670000, 0x08670000, 0x08c70000)
 tenured generation   total 123628K, used 99681K [0x0faa0000, 0x1735b000, 0x25000000)
   the space 123628K,  80% used [0x0faa0000, 0x15bf84b8, 0x15bf8600, 0x1735b000)
 Metaspace       used 24134K, capacity 24662K, committed 24704K, reserved 24960K
}
Event: 68.492 GC heap before
{Heap before GC invocations=11 (full 2):
 def new generation   total 55744K, used 32096K [0x05000000, 0x08c70000, 0x0faa0000)
  eden space 49600K,  64% used [0x05000000, 0x06f58010, 0x08070000)
  from space 6144K,   0% used [0x08070000, 0x08070000, 0x08670000)
  to   space 6144K,   0% used [0x08670000, 0x08670000, 0x08c70000)
 tenured generation   total 123628K, used 99681K [0x0faa0000, 0x1735b000, 0x25000000)
   the space 123628K,  80% used [0x0faa0000, 0x15bf84b8, 0x15bf8600, 0x1735b000)
 Metaspace       used 24134K, capacity 24662K, committed 24704K, reserved 24960K
Event: 68.639 GC heap after
Heap after GC invocations=12 (full 3):
 def new generation   total 85824K, used 0K [0x05000000, 0x0ad10000, 0x0faa0000)
  eden space 76352K,   0% used [0x05000000, 0x05000000, 0x09a90000)
  from space 9472K,   0% used [0x09a90000, 0x09a90000, 0x0a3d0000)
  to   space 9472K,   0% used [0x0a3d0000, 0x0a3d0000, 0x0ad10000)
 tenured generation   total 190432K, used 114257K [0x0faa0000, 0x1b498000, 0x25000000)
   the space 190432K,  59% used [0x0faa0000, 0x16a344e0, 0x16a34600, 0x1b498000)
 Metaspace       used 24134K, capacity 24662K, committed 24704K, reserved 24960K
}
Event: 69.198 GC heap before
{Heap before GC invocations=12 (full 3):
 def new generation   total 85824K, used 76352K [0x05000000, 0x0ad10000, 0x0faa0000)
  eden space 76352K, 100% used [0x05000000, 0x09a90000, 0x09a90000)
  from space 9472K,   0% used [0x09a90000, 0x09a90000, 0x0a3d0000)
  to   space 9472K,   0% used [0x0a3d0000, 0x0a3d0000, 0x0ad10000)
 tenured generation   total 190432K, used 114257K [0x0faa0000, 0x1b498000, 0x25000000)
   the space 190432K,  59% used [0x0faa0000, 0x16a344e0, 0x16a34600, 0x1b498000)
 Metaspace       used 24134K, capacity 24662K, committed 24704K, reserved 24960K
Event: 69.276 GC heap after
Heap after GC invocations=13 (full 3):
 def new generation   total 85824K, used 9472K [0x05000000, 0x0ad10000, 0x0faa0000)
  eden space 76352K,   0% used [0x05000000, 0x05000000, 0x09a90000)
  from space 9472K, 100% used [0x0a3d0000, 0x0ad10000, 0x0ad10000)
  to   space 9472K,   0% used [0x09a90000, 0x09a90000, 0x0a3d0000)
 tenured generation   total 190432K, used 150666K [0x0faa0000, 0x1b498000, 0x25000000)
   the space 190432K,  79% used [0x0faa0000, 0x18dc28c0, 0x18dc2a00, 0x1b498000)
 Metaspace       used 24134K, capacity 24662K, committed 24704K, reserved 24960K
}
Event: 440.609 GC heap before
{Heap before GC invocations=13 (full 3):
 def new generation   total 85824K, used 85824K [0x05000000, 0x0ad10000, 0x0faa0000)
  eden space 76352K, 100% used [0x05000000, 0x09a90000, 0x09a90000)
  from space 9472K, 100% used [0x0a3d0000, 0x0ad10000, 0x0ad10000)
  to   space 9472K,   0% used [0x09a90000, 0x09a90000, 0x0a3d0000)
 tenured generation   total 190432K, used 150666K [0x0faa0000, 0x1b498000, 0x25000000)
   the space 190432K,  79% used [0x0faa0000, 0x18dc28c0, 0x18dc2a00, 0x1b498000)
 Metaspace       used 25476K, capacity 26024K, committed 26112K, reserved 27008K
Event: 440.669 GC heap after
Heap after GC invocations=14 (full 3):
 def new generation   total 85824K, used 7332K [0x05000000, 0x0ad10000, 0x0faa0000)
  eden space 76352K,   0% used [0x05000000, 0x05000000, 0x09a90000)
  from space 9472K,  77% used [0x09a90000, 0x0a1b9028, 0x0a3d0000)
  to   space 9472K,   0% used [0x0a3d0000, 0x0a3d0000, 0x0ad10000)
 tenured generation   total 190432K, used 167629K [0x0faa0000, 0x1b498000, 0x25000000)
   the space 190432K,  88% used [0x0faa0000, 0x19e53508, 0x19e53600, 0x1b498000)
 Metaspace       used 25476K, capacity 26024K, committed 26112K, reserved 27008K
}

